  Ball.cpp
  Brick.cpp
D:\Github\BrickBreaker_Advanced\BrickBreaker\BrickBreaker\Brick.cpp(22,33): warning C4267: '=': conversion from 'size_t' to 'int', possible loss of data
  BrickBreaker.cpp
C:\Program Files\Microsoft Visual Studio\2022\Community\VC\Tools\MSVC\14.38.33130\include\memory(3465,56): warning C4244: 'argument': conversion from 'const int' to 'float', possible loss of data
  (compiling source file 'BrickBreaker.cpp')
      C:\Program Files\Microsoft Visual Studio\2022\Community\VC\Tools\MSVC\14.38.33130\include\memory(3465,56):
      the template instantiation context (the oldest one first) is
          D:\Github\BrickBreaker_Advanced\BrickBreaker\BrickBreaker\BrickBreaker.cpp(96,15):
          see reference to function template instantiation 'T &EntityManager::create<Background,const int&,const int&,const char(&)[35]>(const int &,const int &,const char (&)[35])' being compiled
          with
          [
              T=Background
          ]
          D:\Github\BrickBreaker_Advanced\BrickBreaker\BrickBreaker\EntityManager.h(63,17):
          see reference to function template instantiation 'std::unique_ptr<Background,std::default_delete<Background>> std::make_unique<Background,const int&,const int&,const char(&)[35],0>(const int &,const int &,const char (&)[35])' being compiled
  
C:\Program Files\Microsoft Visual Studio\2022\Community\VC\Tools\MSVC\14.38.33130\include\memory(3465,56): warning C4244: 'argument': conversion from '_Ty' to 'float', possible loss of data
C:\Program Files\Microsoft Visual Studio\2022\Community\VC\Tools\MSVC\14.38.33130\include\memory(3465,56): warning C4244:         with
C:\Program Files\Microsoft Visual Studio\2022\Community\VC\Tools\MSVC\14.38.33130\include\memory(3465,56): warning C4244:         [
C:\Program Files\Microsoft Visual Studio\2022\Community\VC\Tools\MSVC\14.38.33130\include\memory(3465,56): warning C4244:             _Ty=int
C:\Program Files\Microsoft Visual Studio\2022\Community\VC\Tools\MSVC\14.38.33130\include\memory(3465,56): warning C4244:         ]
  (compiling source file 'BrickBreaker.cpp')
      C:\Program Files\Microsoft Visual Studio\2022\Community\VC\Tools\MSVC\14.38.33130\include\memory(3465,56):
      the template instantiation context (the oldest one first) is
          D:\Github\BrickBreaker_Advanced\BrickBreaker\BrickBreaker\BrickBreaker.cpp(97,15):
          see reference to function template instantiation 'T &EntityManager::create<Ball,int,int,const char(&)[28]>(int &&,int &&,const char (&)[28])' being compiled
          with
          [
              T=Ball
          ]
          D:\Github\BrickBreaker_Advanced\BrickBreaker\BrickBreaker\EntityManager.h(63,17):
          see reference to function template instantiation 'std::unique_ptr<Ball,std::default_delete<Ball>> std::make_unique<Ball,_Ty,_Ty,const char(&)[28],0>(_Ty &&,_Ty &&,const char (&)[28])' being compiled
          with
          [
              _Ty=int
          ]
  
  Main.cpp
  Paddle.cpp
  Generating Code...
  BrickBreaker.vcxproj -> D:\Github\BrickBreaker_Advanced\BrickBreaker\x64\Debug\BrickBreaker.exe
